<?xml version="1.0" encoding="UTF-8"?>
<!-- Generated by org.testng.reporters.JUnitReportReporter -->
<testsuite hostname="admins-MacBook-Pro.local" failures="0" tests="1" name="tests.HR_REST_API_GET_REQUEST" time="2.265" errors="0" timestamp="05 Aug 2018 20:15:52 GMT" skipped="0">
  <testcase classname="tests.HR_REST_API_GET_REQUEST" name="verifyFirstName" time="2.265"/>
</testsuite> <!-- tests.HR_REST_API_GET_REQUEST -->
