<?xml version="1.0" encoding="UTF-8"?>
<!-- Generated by org.testng.reporters.JUnitReportReporter -->
<testsuite hostname="admins-MacBook-Pro.local" failures="0" tests="4" name="tests.API_JSon_PATH" time="3.544" errors="0" timestamp="06 Aug 2018 16:16:26 GMT" skipped="0">
  <testcase classname="tests.API_JSon_PATH" name="verifyRegions" time="0.471"/>
  <testcase classname="tests.API_JSon_PATH" name="testWithJsonPath" time="2.089"/>
  <testcase classname="tests.API_JSon_PATH" name="verifyWithPathParameter" time="0.280"/>
  <testcase classname="tests.API_JSon_PATH" name="verifyWithQueryParameter" time="0.704"/>
</testsuite> <!-- tests.API_JSon_PATH -->
