<?xml version="1.0" encoding="UTF-8"?>
<!-- Generated by org.testng.reporters.JUnitReportReporter -->
<testsuite hostname="admins-MacBook-Pro.local" failures="0" tests="1" name="tests.API_JSon_PATH" time="3.299" errors="0" timestamp="06 Aug 2018 17:50:09 GMT" skipped="0">
  <testcase classname="tests.API_JSon_PATH" name="testJsonPathWithLists" time="3.299"/>
</testsuite> <!-- tests.API_JSon_PATH -->
