<?xml version="1.0" encoding="UTF-8"?>
<!-- Generated by org.testng.reporters.JUnitReportReporter -->
<testsuite hostname="admins-MacBook-Pro.local" failures="0" tests="1" name="tests.API_GSON" time="2.427" errors="0" timestamp="06 Aug 2018 21:15:14 GMT" skipped="0">
  <testcase classname="tests.API_GSON" name="testRegionsV2" time="2.427"/>
</testsuite> <!-- tests.API_GSON -->
